<?xml version="1.0" encoding="UTF-8"?>
<!-- Generated by org.testng.reporters.JUnitXMLReporter -->
<testsuite ignored="0" hostname="DESKTOP-3ORSLE9" failures="1" tests="16" name="Test1" time="10.58" errors="0" timestamp="2025-01-11T22:44:32 IST">
  <testcase classname="com.test.InvocationCountTest" name="sum" time="0.011"/>
  <testcase classname="com.test.InvocationCountTest" name="sum" time="0.002"/>
  <testcase classname="com.test.InvocationCountTest" name="sum" time="0.001"/>
  <testcase classname="com.test.InvocationCountTest" name="sum" time="0.001"/>
  <testcase classname="com.test.InvocationCountTest" name="sum" time="0.002"/>
  <testcase classname="com.test.InvocationCountTest" name="sum" time="0.001"/>
  <testcase classname="com.test.InvocationCountTest" name="sum" time="0.001"/>
  <testcase classname="com.test.InvocationCountTest" name="sum" time="0.001"/>
  <testcase classname="com.test.InvocationCountTest" name="sum" time="0.001"/>
  <testcase classname="com.test.InvocationCountTest" name="sum" time="0.002"/>
  <testcase classname="com.test.TestNGAnnotationsHierarchy" name="testCase1" time="0.001"/>
  <testcase classname="com.test.TestNGAnnotationsHierarchy" name="testCase2" time="0.001"/>
  <testcase classname="com.test.GoogleTitleTest" name="getTitle" time="0.014"/>
  <testcase classname="com.test.TestNGBasics" name="google_tile_test" time="0.001"/>
  <testcase classname="com.test.GoogleTitleTest" name="SearchTest" time="6.86">
    <failure type="java.lang.AssertionError" message="expected [https://www.arvind.com] but found [https://www.arvind.com › jobs-career]">
      <![CDATA[java.lang.AssertionError: expected [https://www.arvind.com] but found [https://www.arvind.com › jobs-career]
at com.test.GoogleTitleTest.SearchTest(GoogleTitleTest.java:52)
at java.base/java.util.ArrayList.forEach(ArrayList.java:1597)
at java.base/java.util.concurrent.FutureTask.run(FutureTask.java:317)
at java.base/java.util.concurrent.ThreadPoolExecutor.runWorker(ThreadPoolExecutor.java:1144)
at java.base/java.util.concurrent.ThreadPoolExecutor$Worker.run(ThreadPoolExecutor.java:642)
at java.base/java.lang.Thread.run(Thread.java:1575)
... Removed 22 stack frames]]>
    </failure>
  </testcase> <!-- SearchTest -->
  <testcase classname="com.test.TestNGBasics" name="search_keyword" time="0.0"/>
</testsuite> <!-- Test1 -->
